case #1: 0
case #2: 999337777
case #3: 66666
case #4: 333666666 0222777
case #5: 4433555555 666096667775553
case #6: 4433 77
case #7: 5555 9994466699977733
case #8: 8899993332226622
case #9: 222299
case #10: 77722433 888822290
case #11: 44222555668227755508888 
case #12: 9322288477772888999222
case #13: 85559
case #14: 76877755444444 2999
case #15: 0222
case #16: 9933999992224366223333 7733
case #17: 992235577773388994775555599
case #18: 22253332233377779
case #19: 44777799933377779933444
case #20: 5533446688888888 999333333 3
case #21: 444333669999777788833444
case #22: 2224888883669995667
case #23: 555557777755
case #24: 5544426667744333444777688
case #25: 9996033390799993229
case #26: 539999
case #27: 22666777223377779
case #28: 22255577774777777 777 0
case #29: 7888444033555667777
case #30: 666976655999552266688877777
case #31: 44775593309996669999777444
case #32: 44454099922
case #33: 66773666299997777874559997777333
case #34: 677777777 9999977733666222
case #35: 66333399508334
case #36: 8833328884449555
case #37: 99944777722252777756633055
case #38: 72222 674473355552
case #39: 066675577738855
case #40: 5554444455544
case #41: 2229922366556222442229998
case #42: 77778855588999
case #43: 6663374886222222 
case #44: 9423889999355588332225888
case #45: 77739999666
case #46: 559999777
case #47: 388
case #48: 333066544077 999669999222
case #49: 33 555
case #50: 5555 338888 440
case #51: 49999666
case #52: 337
case #53: 555777333978887779777796622777666
case #54: 88333
case #55: 944452695
case #56: 668887744433733
case #57: 7778
case #58: 222292993344
case #59: 222776430884422255533 7777
case #60: 889977799933388833
case #61: 8866666577799
case #62: 4433357777555666659
case #63: 999922222888999922
case #64: 777777522226699888
case #65: 332228887777559922255998
case #66: 999999 9963777766888888 757777
case #67: 776954443
case #68: 66688899995444444 999944422669999
case #69: 9999999999 7778887772993222042
case #70: 8887777778833322777228
case #71: 79993339999 99999999 
case #72: 777055588555822222555857
case #73: 3336779999888888 8099
case #74: 9558887225776688
case #75: 789999445555 9966699977757777
case #76: 3344499
case #77: 66655544444
case #78: 33225554499442664
case #79: 49555222
case #80: 2299997744777733322 5550
case #81: 33222666266777
case #82: 88888557785558888 3355333
case #83: 5566222
case #84: 2227775566445999997555999944
case #85: 7777887766687733336622
case #86: 8882226
case #87: 444366677777777 222555
case #88: 99993299929993344454777755
case #89: 544662277755
case #90: 33666222999666558777747778888 
case #91: 9755
case #92: 25669955229977666508777
case #93: 67777266
case #94: 996655996664
case #95: 442666999966222266644
case #96: 559
case #97: 9997777
case #98: 522208888864445992266
case #99: 7776222333226665888
case #100: 44422884447722229333888446
